<?xml version="1.0" encoding="UTF-8"?>
<!-- Generated by org.testng.reporters.JUnitReportReporter -->
<testsuite hostname="Omkar-PC" name="com.amazon.scripts.SearchPro" tests="1" failures="0" timestamp="10 Jan 2020 16:47:56 GMT" time="88.447" errors="0">
  <testcase name="test" time="88.447" classname="com.amazon.scripts.SearchPro"/>
</testsuite> <!-- com.amazon.scripts.SearchPro -->
