<?xml version="1.0" encoding="UTF-8"?>
<!-- Generated by org.testng.reporters.JUnitReportReporter -->
<testsuite hostname="Omkar-PC" name="com.assign1.scripts.PriceTest" tests="1" failures="0" timestamp="11 Jan 2020 05:47:40 GMT" time="104.477" errors="0">
  <testcase name="testPrice" time="104.477" classname="com.assign1.scripts.PriceTest"/>
</testsuite> <!-- com.assign1.scripts.PriceTest -->
