<?xml version="1.0" encoding="UTF-8"?>
<!-- Generated by org.testng.reporters.JUnitReportReporter -->
<testsuite hostname="Omkar-PC" name="com.amazon.scripts.PriceTest" tests="1" failures="0" timestamp="11 Jan 2020 05:22:27 GMT" time="83.361" errors="0">
  <testcase name="testPrice" time="83.361" classname="com.amazon.scripts.PriceTest"/>
</testsuite> <!-- com.amazon.scripts.PriceTest -->
