<?xml version="1.0" encoding="UTF-8"?>
<!-- Generated by org.testng.reporters.JUnitReportReporter -->
<testsuite hostname="Omkar-PC" name="com.amazon.scripts.Tests" tests="1" failures="0" timestamp="11 Jan 2020 04:37:09 GMT" time="0.012" errors="0">
  <testcase name="test1" time="0.012" classname="com.amazon.scripts.Tests"/>
</testsuite> <!-- com.amazon.scripts.Tests -->
